<?xml version="1.0" encoding="UTF-8"?>
<testng-results skipped="0" failed="0" total="1" passed="1">
  <reporter-output>
  </reporter-output>
  <suite name="Default suite" duration-ms="30924" started-at="2018-05-01T14:18:27Z" finished-at="2018-05-01T14:18:58Z">
    <groups>
    </groups>
    <test name="Default test" duration-ms="30924" started-at="2018-05-01T14:18:27Z" finished-at="2018-05-01T14:18:58Z">
      <class name="Interview.CHROME">
        <test-method status="PASS" signature="Chrome()[pri:0, instance:Interview.CHROME@7dc7cbad]" name="Chrome" duration-ms="30910" started-at="2018-05-01T19:48:27Z" finished-at="2018-05-01T19:48:58Z">
          <reporter-output>
          </reporter-output>
        </test-method> <!-- Chrome -->
      </class> <!-- Interview.CHROME -->
    </test> <!-- Default test -->
  </suite> <!-- Default suite -->
</testng-results>
